Using pre-set license
Built from '2020.3/staging' branch; Version is '2020.3.9f1 (108be757e447) revision 1084391'; Using compiler version '192528614'; Build Type 'Release'
OS: 'Windows 10 Home; OS build 19042.1348; Version 2009; 64bit' Language: 'en' Physical Memory: 16288 MB
BatchMode: 1, IsHumanControllingUs: 0, StartBugReporterOnCrash: 0, Is64bit: 1, IsPro: 0

 COMMAND LINE ARGUMENTS:
D:\Unity\2020.3.9f1\Editor\Unity.exe
-adb2
-batchMode
-noUpm
-name
AssetImportWorker0
-projectPath
D:/Code/Unity/Final/top down Shooter
-logFile
Logs/AssetImportWorker0.log
-srvPort
51374
Successfully changed project path to: D:/Code/Unity/Final/top down Shooter
D:/Code/Unity/Final/top down Shooter
Using Asset Import Pipeline V2.
Refreshing native plugins compatible for Editor in 24.77 ms, found 0 plugins.
Preloading 0 native plugins for Editor in 0.00 ms.
Initialize engine version: 2020.3.9f1 (108be757e447)
[Subsystems] Discovering subsystems at path D:/Unity/2020.3.9f1/Editor/Data/Resources/UnitySubsystems
[Subsystems] Discovering subsystems at path D:/Code/Unity/Final/top down Shooter/Assets
GfxDevice: creating device client; threaded=0
Direct3D:
    Version:  Direct3D 11.0 [level 11.1]
    Renderer: Radeon RX 570 Series (ID=0x67df)
    Vendor:   
    VRAM:     4075 MB
    Driver:   27.20.1034.6
Invalid texture used for cursor - check importer settings or texture creation. Texture must be RGBA32, readable, have alphaIsTransparency enabled and have no mip chain.

Initialize mono
Mono path[0] = 'D:/Unity/2020.3.9f1/Editor/Data/Managed'
Mono path[1] = 'D:/Unity/2020.3.9f1/Editor/Data/MonoBleedingEdge/lib/mono/unityjit'
Mono config path = 'D:/Unity/2020.3.9f1/Editor/Data/MonoBleedingEdge/etc'
Using monoOptions --debugger-agent=transport=dt_socket,embedding=1,server=y,suspend=n,address=127.0.0.1:56476
Begin MonoManager ReloadAssembly
Registering precompiled unity dll's ...
Register platform support module: D:/Unity/2020.3.9f1/Editor/Data/PlaybackEngines/WebGLSupport/UnityEditor.WebGL.Extensions.dll
Register platform support module: D:/Unity/2020.3.9f1/Editor/Data/PlaybackEngines/WindowsStandaloneSupport/UnityEditor.WindowsStandalone.Extensions.dll
Registered in 0.001346 seconds.
Native extension for WindowsStandalone target not found
Native extension for WebGL target not found
Refreshing native plugins compatible for Editor in 24.44 ms, found 0 plugins.
Preloading 0 native plugins for Editor in 0.00 ms.
Mono: successfully reloaded assembly
- Completed reload, in  0.829 seconds
Platform modules already initialized, skipping
Registering precompiled user dll's ...
Registered in 0.000917 seconds.
Begin MonoManager ReloadAssembly
Native extension for WindowsStandalone target not found
Native extension for WebGL target not found
Refreshing native plugins compatible for Editor in 0.46 ms, found 0 plugins.
Preloading 0 native plugins for Editor in 0.00 ms.
Mono: successfully reloaded assembly
- Completed reload, in  0.797 seconds
Platform modules already initialized, skipping
========================================================================
Worker process is ready to serve import requests
Launched and connected shader compiler UnityShaderCompiler.exe after 0.06 seconds
Refreshing native plugins compatible for Editor in 0.44 ms, found 0 plugins.
Preloading 0 native plugins for Editor in 0.00 ms.
Unloading 1224 Unused Serialized files (Serialized files now loaded: 0)
System memory in use before: 62.4 MB.
System memory in use after: 62.5 MB.

Unloading 14 unused Assets to reduce memory usage. Loaded Objects now: 1672.
Total: 2.050900 ms (FindLiveObjects: 0.192500 ms CreateObjectMapping: 0.034700 ms MarkObjects: 1.702400 ms  DeleteObjects: 0.120000 ms)

========================================================================
Received Import Request.
  path: Assets/Scipts/enemySpawnManager.cs
  artifactKey: Guid(e3d12badfd2480846b6bb63dadc75de0) Importer(815301076,1909f56bfc062723c751e8b465ee728b)
Start importing Assets/Scipts/enemySpawnManager.cs using Guid(e3d12badfd2480846b6bb63dadc75de0) Importer(815301076,1909f56bfc062723c751e8b465ee728b)  -> (artifact id: 'e22c3600486f83882aa12916961fabfd') in 0.080911 seconds
  Import took 0.084940 seconds .

========================================================================
Received Import Request.
  Time since last request: 2.150508 seconds.
  path: Assets/Scipts/enemyFollower.cs
  artifactKey: Guid(5b29411482a0a7049bd887dd09b50553) Importer(815301076,1909f56bfc062723c751e8b465ee728b)
Start importing Assets/Scipts/enemyFollower.cs using Guid(5b29411482a0a7049bd887dd09b50553) Importer(815301076,1909f56bfc062723c751e8b465ee728b)  -> (artifact id: 'd14b4832d8cbf20e03e3c4fbb6453bb2') in 0.018590 seconds
  Import took 0.021818 seconds .

========================================================================
Received Import Request.
  Time since last request: 1415.547793 seconds.
  path: Assets/Scipts/enemyFollower.cs
  artifactKey: Guid(5b29411482a0a7049bd887dd09b50553) Importer(815301076,1909f56bfc062723c751e8b465ee728b)
Start importing Assets/Scipts/enemyFollower.cs using Guid(5b29411482a0a7049bd887dd09b50553) Importer(815301076,1909f56bfc062723c751e8b465ee728b)  -> (artifact id: 'a6f9e8f8b623e627b322e2db56dafdfc') in 0.005396 seconds
  Import took 0.010366 seconds .

========================================================================
Received Import Request.
  Time since last request: 929.010617 seconds.
  path: Assets/Scipts/enemyFollower.cs
  artifactKey: Guid(5b29411482a0a7049bd887dd09b50553) Importer(815301076,1909f56bfc062723c751e8b465ee728b)
Start importing Assets/Scipts/enemyFollower.cs using Guid(5b29411482a0a7049bd887dd09b50553) Importer(815301076,1909f56bfc062723c751e8b465ee728b)  -> (artifact id: 'd804e8262ab0f6bcdbdee90babcf9335') in 0.003273 seconds
  Import took 0.010205 seconds .

========================================================================
Received Import Request.
  Time since last request: 0.039723 seconds.
  path: Assets/Scipts/enemyFollower.cs
  artifactKey: Guid(5b29411482a0a7049bd887dd09b50553) Importer(815301076,1909f56bfc062723c751e8b465ee728b)
Start importing Assets/Scipts/enemyFollower.cs using Guid(5b29411482a0a7049bd887dd09b50553) Importer(815301076,1909f56bfc062723c751e8b465ee728b)  -> (artifact id: 'd804e8262ab0f6bcdbdee90babcf9335') in 0.010233 seconds
  Import took 0.013692 seconds .

========================================================================
Received Import Request.
  Time since last request: 431.367086 seconds.
  path: Assets/Scipts/enemyFollower.cs
  artifactKey: Guid(5b29411482a0a7049bd887dd09b50553) Importer(815301076,1909f56bfc062723c751e8b465ee728b)
Start importing Assets/Scipts/enemyFollower.cs using Guid(5b29411482a0a7049bd887dd09b50553) Importer(815301076,1909f56bfc062723c751e8b465ee728b)  -> (artifact id: '42751fd44724a5189db0d1f8f4fe9d8d') in 0.001935 seconds
  Import took 0.005240 seconds .

========================================================================
Received Import Request.
  Time since last request: 0.001918 seconds.
  path: Assets/Scipts/enemyFollower.cs
  artifactKey: Guid(5b29411482a0a7049bd887dd09b50553) Importer(815301076,1909f56bfc062723c751e8b465ee728b)
Start importing Assets/Scipts/enemyFollower.cs using Guid(5b29411482a0a7049bd887dd09b50553) Importer(815301076,1909f56bfc062723c751e8b465ee728b)  -> (artifact id: '42751fd44724a5189db0d1f8f4fe9d8d') in 0.004847 seconds
  Import took 0.008091 seconds .

========================================================================
Received Import Request.
  Time since last request: 19.206668 seconds.
  path: Assets/Scipts/heartManager.cs
  artifactKey: Guid(ede5c30efcd8b7941a1605c3cb0903ae) Importer(815301076,1909f56bfc062723c751e8b465ee728b)
Start importing Assets/Scipts/heartManager.cs using Guid(ede5c30efcd8b7941a1605c3cb0903ae) Importer(815301076,1909f56bfc062723c751e8b465ee728b)  -> (artifact id: '0af8c9327ab9b5210a3cba25ae270795') in 0.019501 seconds
  Import took 0.021964 seconds .

========================================================================
Received Import Request.
  Time since last request: 32.376994 seconds.
  path: Assets/Scipts/enemyFollower.cs
  artifactKey: Guid(5b29411482a0a7049bd887dd09b50553) Importer(815301076,1909f56bfc062723c751e8b465ee728b)
Start importing Assets/Scipts/enemyFollower.cs using Guid(5b29411482a0a7049bd887dd09b50553) Importer(815301076,1909f56bfc062723c751e8b465ee728b)  -> (artifact id: '9755508922593a19710edaffb7d185b2') in 0.002065 seconds
  Import took 0.004992 seconds .

========================================================================
Received Import Request.
  Time since last request: 632.841815 seconds.
  path: Assets/Scipts/enemyFollower.cs
  artifactKey: Guid(5b29411482a0a7049bd887dd09b50553) Importer(815301076,1909f56bfc062723c751e8b465ee728b)
Start importing Assets/Scipts/enemyFollower.cs using Guid(5b29411482a0a7049bd887dd09b50553) Importer(815301076,1909f56bfc062723c751e8b465ee728b)  -> (artifact id: 'a1c2d24a3ddeb14953cd938aaaa91fe6') in 0.002000 seconds
  Import took 0.005155 seconds .

========================================================================
Received Import Request.
  Time since last request: 14.993273 seconds.
  path: Assets/Scipts/enemyFollower.cs
  artifactKey: Guid(5b29411482a0a7049bd887dd09b50553) Importer(815301076,1909f56bfc062723c751e8b465ee728b)
Start importing Assets/Scipts/enemyFollower.cs using Guid(5b29411482a0a7049bd887dd09b50553) Importer(815301076,1909f56bfc062723c751e8b465ee728b)  -> (artifact id: '7ba56c58c48cd3ed1818c46c26a573bb') in 0.011648 seconds
  Import took 0.015016 seconds .

========================================================================
Received Import Request.
  Time since last request: 0.003872 seconds.
  path: Assets/Scipts/enemyFollower.cs
  artifactKey: Guid(5b29411482a0a7049bd887dd09b50553) Importer(815301076,1909f56bfc062723c751e8b465ee728b)
Start importing Assets/Scipts/enemyFollower.cs using Guid(5b29411482a0a7049bd887dd09b50553) Importer(815301076,1909f56bfc062723c751e8b465ee728b)  -> (artifact id: '7ba56c58c48cd3ed1818c46c26a573bb') in 0.001831 seconds
  Import took 0.004332 seconds .

========================================================================
Received Import Request.
  Time since last request: 173.637460 seconds.
  path: Assets/Scipts/enemyFollower.cs
  artifactKey: Guid(5b29411482a0a7049bd887dd09b50553) Importer(815301076,1909f56bfc062723c751e8b465ee728b)
Start importing Assets/Scipts/enemyFollower.cs using Guid(5b29411482a0a7049bd887dd09b50553) Importer(815301076,1909f56bfc062723c751e8b465ee728b)  -> (artifact id: 'f18ac6cc8b238c57d53157d128375107') in 0.010632 seconds
  Import took 0.013845 seconds .

========================================================================
Received Prepare
Registering precompiled user dll's ...
Registered in 0.000555 seconds.
Begin MonoManager ReloadAssembly
Native extension for WindowsStandalone target not found
Native extension for WebGL target not found
Refreshing native plugins compatible for Editor in 0.49 ms, found 0 plugins.
Preloading 0 native plugins for Editor in 0.00 ms.
Mono: successfully reloaded assembly
- Completed reload, in  0.818 seconds
Platform modules already initialized, skipping
Refreshing native plugins compatible for Editor in 0.27 ms, found 0 plugins.
Preloading 0 native plugins for Editor in 0.00 ms.
Unloading 1205 Unused Serialized files (Serialized files now loaded: 0)
System memory in use before: 61.1 MB.
System memory in use after: 61.1 MB.

Unloading 5 unused Assets to reduce memory usage. Loaded Objects now: 1675.
Total: 2.387800 ms (FindLiveObjects: 0.282900 ms CreateObjectMapping: 0.047700 ms MarkObjects: 1.985600 ms  DeleteObjects: 0.070400 ms)

========================================================================
Received Import Request.
  Time since last request: 179.583521 seconds.
  path: Assets/Scipts/enemyFollower.cs
  artifactKey: Guid(5b29411482a0a7049bd887dd09b50553) Importer(815301076,1909f56bfc062723c751e8b465ee728b)
Start importing Assets/Scipts/enemyFollower.cs using Guid(5b29411482a0a7049bd887dd09b50553) Importer(815301076,1909f56bfc062723c751e8b465ee728b)  -> (artifact id: '24905c789cd1fe6614f70172334276f4') in 0.013069 seconds
  Import took 0.015975 seconds .

========================================================================
Received Prepare
Registering precompiled user dll's ...
Registered in 0.000465 seconds.
Begin MonoManager ReloadAssembly
Native extension for WindowsStandalone target not found
Native extension for WebGL target not found
Refreshing native plugins compatible for Editor in 0.27 ms, found 0 plugins.
Preloading 0 native plugins for Editor in 0.00 ms.
Mono: successfully reloaded assembly
- Completed reload, in  0.872 seconds
Platform modules already initialized, skipping
Refreshing native plugins compatible for Editor in 0.31 ms, found 0 plugins.
Preloading 0 native plugins for Editor in 0.00 ms.
Unloading 1205 Unused Serialized files (Serialized files now loaded: 0)
System memory in use before: 61.1 MB.
System memory in use after: 61.2 MB.

Unloading 5 unused Assets to reduce memory usage. Loaded Objects now: 1678.
Total: 2.139100 ms (FindLiveObjects: 0.179700 ms CreateObjectMapping: 0.037500 ms MarkObjects: 1.844000 ms  DeleteObjects: 0.076900 ms)

========================================================================
Received Import Request.
  Time since last request: 686.976053 seconds.
  path: Assets/Resources/Ui/Icons&Buttons/Spritesheet1.png
  artifactKey: Guid(10f299a11597f9a4bbb15576d33d307a) Importer(815301076,1909f56bfc062723c751e8b465ee728b)
Start importing Assets/Resources/Ui/Icons&Buttons/Spritesheet1.png using Guid(10f299a11597f9a4bbb15576d33d307a) Importer(815301076,1909f56bfc062723c751e8b465ee728b)  -> (artifact id: 'e50b66dd26e2347b90041ea2cb816aab') in 0.310220 seconds
  Import took 0.335693 seconds .

========================================================================
Received Import Request.
  Time since last request: 6.619656 seconds.
  path: Assets/Resources/Map/Tile/Mappa.prefab
  artifactKey: Guid(0067dad7c17305d44804a8d93067c2bb) Importer(815301076,1909f56bfc062723c751e8b465ee728b)
Start importing Assets/Resources/Map/Tile/Mappa.prefab using Guid(0067dad7c17305d44804a8d93067c2bb) Importer(815301076,1909f56bfc062723c751e8b465ee728b)  -> (artifact id: '2b667c0dc1b882e5d6701212183ae2a8') in 0.041713 seconds
  Import took 0.058854 seconds .

========================================================================
Received Import Request.
  Time since last request: 0.000254 seconds.
  path: Assets/Resources/Map/Tile/water_10.asset
  artifactKey: Guid(5e6e4170e265e6a469e30745d83e80cb) Importer(815301076,1909f56bfc062723c751e8b465ee728b)
Start importing Assets/Resources/Map/Tile/water_10.asset using Guid(5e6e4170e265e6a469e30745d83e80cb) Importer(815301076,1909f56bfc062723c751e8b465ee728b)  -> (artifact id: '278777711d7a38fef62af214ba9495a4') in 0.055637 seconds
  Import took 0.062955 seconds .

========================================================================
Received Import Request.
  Time since last request: 0.000378 seconds.
  path: Assets/Resources/Map/Tile/water_15.asset
  artifactKey: Guid(46df7b148a2dca348a7c815b9626e27f) Importer(815301076,1909f56bfc062723c751e8b465ee728b)
Start importing Assets/Resources/Map/Tile/water_15.asset using Guid(46df7b148a2dca348a7c815b9626e27f) Importer(815301076,1909f56bfc062723c751e8b465ee728b)  -> (artifact id: '03fd967693317e17b2897a2bdb322717') in 0.050704 seconds
  Import took 0.070292 seconds .

========================================================================
Received Import Request.
  Time since last request: 0.000231 seconds.
  path: Assets/Resources/Map/Tile/water_14.asset
  artifactKey: Guid(5aa6f1afe95aa4a4485cb0536d5a7133) Importer(815301076,1909f56bfc062723c751e8b465ee728b)
Start importing Assets/Resources/Map/Tile/water_14.asset using Guid(5aa6f1afe95aa4a4485cb0536d5a7133) Importer(815301076,1909f56bfc062723c751e8b465ee728b)  -> (artifact id: '8e473f5de77a1492e42c7cc8c1cc4b1a') in 0.013258 seconds
  Import took 0.020973 seconds .

========================================================================
Received Import Request.
  Time since last request: 0.000412 seconds.
  path: Assets/Resources/Map/Tile/water_12.asset
  artifactKey: Guid(530b4bf9f77b38249979810a03c2a9cb) Importer(815301076,1909f56bfc062723c751e8b465ee728b)
Start importing Assets/Resources/Map/Tile/water_12.asset using Guid(530b4bf9f77b38249979810a03c2a9cb) Importer(815301076,1909f56bfc062723c751e8b465ee728b)  -> (artifact id: '85c4b3b7a63ee198b468548337654087') in 0.017754 seconds
  Import took 0.020667 seconds .

========================================================================
Received Import Request.
  Time since last request: 0.000358 seconds.
  path: Assets/Resources/Map/Tile/water_22.asset
  artifactKey: Guid(b4cf8a0d19f98544db7e493c7fcffba4) Importer(815301076,1909f56bfc062723c751e8b465ee728b)
Start importing Assets/Resources/Map/Tile/water_22.asset using Guid(b4cf8a0d19f98544db7e493c7fcffba4) Importer(815301076,1909f56bfc062723c751e8b465ee728b)  -> (artifact id: '542be70c1898bbe785ca1ae2fe788f54') in 0.010414 seconds
  Import took 0.014183 seconds .

========================================================================
Received Import Request.
  Time since last request: 98.528054 seconds.
  path: Assets/Scenes/PlayScene.unity
  artifactKey: Guid(9fc0d4010bbf28b4594072e72b8655ab) Importer(815301076,1909f56bfc062723c751e8b465ee728b)
Start importing Assets/Scenes/PlayScene.unity using Guid(9fc0d4010bbf28b4594072e72b8655ab) Importer(815301076,1909f56bfc062723c751e8b465ee728b)  -> (artifact id: '6d2d46ad176948f213e5560be6bf7af7') in 0.007193 seconds
  Import took 0.023531 seconds .

========================================================================
Received Prepare
Registering precompiled user dll's ...
Registered in 0.000578 seconds.
Begin MonoManager ReloadAssembly
Native extension for WindowsStandalone target not found
Native extension for WebGL target not found
Refreshing native plugins compatible for Editor in 0.58 ms, found 0 plugins.
Preloading 0 native plugins for Editor in 0.00 ms.
Mono: successfully reloaded assembly
- Completed reload, in  0.727 seconds
Platform modules already initialized, skipping
Refreshing native plugins compatible for Editor in 0.30 ms, found 0 plugins.
Preloading 0 native plugins for Editor in 0.00 ms.
Unloading 1205 Unused Serialized files (Serialized files now loaded: 0)
System memory in use before: 64.2 MB.
System memory in use after: 64.3 MB.

Unloading 5 unused Assets to reduce memory usage. Loaded Objects now: 1693.
Total: 1.690400 ms (FindLiveObjects: 0.192900 ms CreateObjectMapping: 0.031000 ms MarkObjects: 1.406200 ms  DeleteObjects: 0.059100 ms)

AssetImportWorkerClient::OnTransportError - code=2 error=End of file
